[bitrader.thetork.com/index.html]
[bitrader.thetork.com/home-two/index.html]
[bitrader.thetork.com/home-three/index.html]
[bitrader.thetork.com/home-five/index.html]
[bitrader.thetork.com/home-four/index.html]
[backblue.gif]
[fade.gif]
[index.html]
[bitrader.thetork.com/our-team/index.html]
[bitrader.thetork.com/blog/index.html]
[bitrader.thetork.com/our-pricing/index.html]
[bitrader.thetork.com/feed/index.html]
[bitrader.thetork.com/wp-content/plugins/header-footer-elementor/inc/widgets-css/frontend950a.css]
[bitrader.thetork.com/contact-us/index.html]
[bitrader.thetork.com/options-trading-business/index.html]
[bitrader.thetork.com/wp-content/plugins/contact-form-7/includes/css/styles52c7.css]
[bitrader.thetork.com/comments/feed/index.html]
[bitrader.thetork.com/wp-content/plugins/header-footer-elementor/assets/css/header-footer-elementor950a.css]
[bitrader.thetork.com/wp-content/plugins/elementor/assets/css/frontend.min87cc.css]
[bitrader.thetork.com/wp-content/uploads/elementor/css/post-7d50b.css]
[bitrader.thetork.com/wp-content/plugins/elementor/assets/css/widget-heading.min87cc.css]
[bitrader.thetork.com/wp-content/plugins/elementor/assets/css/widget-image.min87cc.css]
[bitrader.thetork.com/wp-content/uploads/elementor/css/post-678c47.css]
[bitrader.thetork.com/wp-content/uploads/elementor/css/post-3678c47.css]
[bitrader.thetork.com/wp-content/themes/bitrader/assets/css/bitrader-customd1c0.css]
[bitrader.thetork.com/wp-content/themes/bitrader/assets/css/bitrader-fontsd1c0.css]
[bitrader.thetork.com/wp-content/themes/bitrader/assets/css/bootstrap.mind1c0.css]
[bitrader.thetork.com/wp-content/plugins/elementor/assets/lib/font-awesome/css/font-awesome.min1849.css]
[bitrader.thetork.com/wp-content/plugins/elementor/assets/lib/swiper/v8/css/swiper.min94a4.css]
[bitrader.thetork.com/wp-content/themes/bitrader/assets/css/aosd1c0.css]
[bitrader.thetork.com/wp-content/themes/bitrader/assets/css/bitrader-cored1c0.css]
[bitrader.thetork.com/wp-content/themes/bitrader/styled1c0.css]
[bitrader.thetork.com/wp-content/plugins/elementor/assets/lib/eicons/css/elementor-icons.min705c.css]
[bitrader.thetork.com/wp-content/plugins/elementor/assets/css/widget-icon-list.min44b4.css]
[bitrader.thetork.com/wp-content/plugins/elementor/assets/css/widget-social-icons.min2401.css]
[bitrader.thetork.com/wp-content/plugins/elementor/assets/lib/font-awesome/css/brands52d5.css]
[bitrader.thetork.com/wp-content/plugins/elementor/assets/lib/font-awesome/css/fontawesome52d5.css]
[bitrader.thetork.com/wp-content/plugins/elementor/assets/lib/font-awesome/css/solid52d5.css]
[bitrader.thetork.com/wp-content/plugins/essential-addons-for-elementor-lite/assets/front-end/css/view/general.minb7d5.css]
[bitrader.thetork.com/wp-content/uploads/elementor/google-fonts/css/roboto258f.css]
[bitrader.thetork.com/wp-content/uploads/elementor/google-fonts/css/robotoslab1877.css]
[bitrader.thetork.com/wp-content/uploads/elementor/google-fonts/css/anektelugu13c1.css]
[bitrader.thetork.com/wp-content/uploads/elementor/google-fonts/css/opensans13c1.css]
[bitrader.thetork.com/wp-includes/js/jquery/jquery.minf43b.js]
[bitrader.thetork.com/wp-includes/js/jquery/jquery-migrate.min5589.js]
[bitrader.thetork.com/wp-json/wp/v2/pages/67.json]
[bitrader.thetork.com/wp-json/index.html]
[bitrader.thetork.com/wp-json/oembed/1.0/embed6707]
[bitrader.thetork.com/wp-content/uploads/2023/10/favicon-2-150x150.png]
[bitrader.thetork.com/wp-content/uploads/2023/10/favicon-2.png]
[bitrader.thetork.com/wp-content/themes/bitrader/assets/img/logo/preloader.png]
[bitrader.thetork.com/wp-content/themes/bitrader/assets/img/icons/moon.svg]
[bitrader.thetork.com/wp-content/themes/bitrader/assets/img/icons/sun.svg]
[bitrader.thetork.com/wp-content/uploads/2024/06/logo-dark-1.png]
[bitrader.thetork.com/wp-content/uploads/2024/06/logo-3.png]
[bitrader.thetork.com/wp-content/uploads/2023/10/banner_bg.png]
[bitrader.thetork.com/wp-content/uploads/2023/10/banner_coin.png]
[bitrader.thetork.com/wp-content/uploads/2023/10/banner_img-2.png]
[bitrader.thetork.com/wp-content/uploads/2023/10/4.png]
[bitrader.thetork.com/wp-content/uploads/2023/10/barnd01-2.png]
[bitrader.thetork.com/wp-content/uploads/2023/10/barnd02-2.png]
[bitrader.thetork.com/wp-content/uploads/2023/10/barnd03-2.png]
[bitrader.thetork.com/wp-content/uploads/2023/10/barnd04-2.png]
[bitrader.thetork.com/wp-content/uploads/2023/10/barnd05-2.png]
[bitrader.thetork.com/wp-content/uploads/2023/10/barnd06-2.png]
[bitrader.thetork.com/wp-content/uploads/2023/10/about01-2.png]
[bitrader.thetork.com/wp-content/uploads/2023/10/features01.png]
[bitrader.thetork.com/wp-content/uploads/2023/10/percent01.png]
[bitrader.thetork.com/wp-content/uploads/2023/10/features02.png]
[bitrader.thetork.com/wp-content/uploads/2023/10/percent02.png]
[bitrader.thetork.com/wp-content/uploads/2023/10/percent03.png]
[bitrader.thetork.com/wp-content/uploads/2023/10/percent04.png]
[bitrader.thetork.com/wp-content/uploads/2023/10/features_shape.png]
[bitrader.thetork.com/wp-content/uploads/2023/10/services01.png]
[bitrader.thetork.com/wp-content/uploads/2023/10/services02.png]
[bitrader.thetork.com/wp-content/uploads/2023/10/services03.png]
[bitrader.thetork.com/wp-content/uploads/2023/10/services04.png]
[bitrader.thetork.com/wp-content/uploads/2023/10/services05.png]
[bitrader.thetork.com/wp-content/uploads/2023/10/services06.png]
[bitrader.thetork.com/wp-content/uploads/2023/10/shape01-2.png]
[bitrader.thetork.com/services/financial-advisory/index.html]
[bitrader.thetork.com/services/supply-optimization/index.html]
[bitrader.thetork.com/wp-content/uploads/2023/10/check.svg]
[bitrader.thetork.com/services/hr-consulting/index.html]
[bitrader.thetork.com/wp-content/uploads/2023/10/team_5-2.png]
[bitrader.thetork.com/services/marketing-consulting/index.html]
[bitrader.thetork.com/wp-content/uploads/2023/10/team_6-2.png]
[bitrader.thetork.com/wp-content/uploads/2023/10/team_3-2.png]
[bitrader.thetork.com/wp-content/uploads/2023/10/team_2-2.png]
[bitrader.thetork.com/teams/albert-flores/index.html]
[bitrader.thetork.com/wp-content/uploads/2023/10/team_4-2.png]
[bitrader.thetork.com/teams/courtney-henry/index.html]
[bitrader.thetork.com/wp-content/uploads/2023/10/team_7-2.png]
[bitrader.thetork.com/wp-content/uploads/2023/10/team_8-2.png]
[bitrader.thetork.com/teams/theresa-webb/index.html]
[bitrader.thetork.com/wp-content/uploads/2023/10/team_1-2.png]
[bitrader.thetork.com/teams/darrell-steward/index.html]
[bitrader.thetork.com/teams/wade-warren/index.html]
[bitrader.thetork.com/wp-content/uploads/2023/10/blog_post01-2.jpg]
[bitrader.thetork.com/teams/cody-fisher/index.html]
[secure.gravatar.com/avatar/b27b58fd81b5df40078fab7978abb73e3190.png]
[bitrader.thetork.com/teams/bessie-cooper/index.html]
[bitrader.thetork.com/category/dividend-stocks/index.html]
[bitrader.thetork.com/online-trading-for-beginners/index.html]
[bitrader.thetork.com/wp-content/uploads/2023/10/blog_post05-2.jpg]
[bitrader.thetork.com/wp-content/uploads/2023/10/blog_post07-2.jpg]
[bitrader.thetork.com/wp-content/uploads/2023/10/testi01-2.png]
[bitrader.thetork.com/wp-content/uploads/2023/10/testi02-2.png]
[bitrader.thetork.com/wp-content/uploads/2023/10/testi03-2.png]
[bitrader.thetork.com/category/non-dividend-stocks/index.html]
[bitrader.thetork.com/wp-content/uploads/2023/10/faq-2.png]
[bitrader.thetork.com/advantages-of-day-trading/index.html]
[bitrader.thetork.com/wp-content/uploads/2023/10/cta-2.png]
[bitrader.thetork.com/wp-content/uploads/2023/10/cta_shape1-2.png]
[bitrader.thetork.com/wp-content/uploads/2023/10/logo-dark-2.png]
[bitrader.thetork.com/wp-content/uploads/2023/10/App-store-3.png]
[bitrader.thetork.com/wp-content/uploads/2023/10/Google-play-store-2.png]
[bitrader.thetork.com/wp-content/uploads/2023/10/footer_shape-2.png]
[bitrader.thetork.com/wp-content/plugins/elementor/assets/css/widget-icon-list.min87cc.css]
[bitrader.thetork.com/wp-includes/js/dist/hooks.min4fdd.js]
[bitrader.thetork.com/wp-includes/js/dist/i18n.minc33c.js]
[bitrader.thetork.com/wp-content/plugins/contact-form-7/includes/swv/js/index52c7.js]
[bitrader.thetork.com/wp-content/plugins/contact-form-7/includes/js/index52c7.js]
[bitrader.thetork.com/wp-content/plugins/bitrader-core/assets/js/hello-worldd1c0.js]
[bitrader.thetork.com/wp-content/themes/bitrader/assets/js/bootstrap.mind1c0.js]
[bitrader.thetork.com/wp-content/plugins/elementor/assets/lib/swiper/v8/swiper.min94a4.js]
[bitrader.thetork.com/wp-content/themes/bitrader/assets/js/purecounter_vanillad1c0.js]
[bitrader.thetork.com/wp-includes/js/imagesloaded.minbb93.js]
[bitrader.thetork.com/wp-content/themes/bitrader/assets/js/isotope.pkgd.mind1c0.js]
[bitrader.thetork.com/wp-content/themes/bitrader/assets/js/customd1c0.js]
[bitrader.thetork.com/wp-content/plugins/essential-addons-for-elementor-lite/assets/front-end/js/view/general.minb7d5.js]
[bitrader.thetork.com/wp-content/plugins/mailchimp-for-wp/assets/js/forms7d02.js]
[bitrader.thetork.com/wp-content/themes/bitrader/assets/js/all.mind1c0.js]
[bitrader.thetork.com/wp-content/plugins/elementor/assets/js/webpack.runtime.min87cc.js]
[bitrader.thetork.com/wp-content/plugins/elementor/assets/js/frontend-modules.min87cc.js]
[bitrader.thetork.com/wp-includes/js/jquery/ui/core.minb37e.js]
[bitrader.thetork.com/index.html]
[bitrader.thetork.com/wp-content/plugins/elementor/assets/js/frontend.min87cc.js]
[bitrader.thetork.com/wp-content/uploads/elementor/css/post-510c118.css]
[bitrader.thetork.com/wp-content/uploads/elementor/css/post-598c118.css]
[bitrader.thetork.com/wp-json/wp/v2/pages/510.json]
[bitrader.thetork.com/wp-json/oembed/1.0/embed0dc8.json]
[bitrader.thetork.com/wp-json/oembed/1.0/embed2431]
[bitrader.thetork.com/wp-content/uploads/2024/06/logo-dark.png]
[bitrader.thetork.com/wp-content/uploads/2025/02/bg-1.png]
[bitrader.thetork.com/wp-content/uploads/2025/02/banner02-2.png]
[bitrader.thetork.com/wp-content/uploads/2023/10/about_icon01.png]
[bitrader.thetork.com/wp-content/uploads/2023/10/about_icon02.png]
[bitrader.thetork.com/wp-content/uploads/2023/10/about_icon03.png]
[bitrader.thetork.com/wp-content/uploads/2023/10/about_img02-2.png]
[bitrader.thetork.com/wp-content/uploads/2023/10/check02.png]
[bitrader.thetork.com/wp-content/uploads/2023/10/testi04-2.png]
[bitrader.thetork.com/wp-content/uploads/2023/10/testi05-2.png]
[bitrader.thetork.com/wp-content/uploads/2023/10/testi06-2.png]
[bitrader.thetork.com/home-two/index.html]
[bitrader.thetork.com/wp-content/plugins/elementor/assets/css/widget-icon-box.min87cc.css]
[bitrader.thetork.com/wp-content/uploads/elementor/css/post-64612e1.css]
[bitrader.thetork.com/wp-json/wp/v2/pages/646.json]
[bitrader.thetork.com/wp-json/oembed/1.0/embeddaa0.json]
[bitrader.thetork.com/wp-json/oembed/1.0/embed71aa]
[bitrader.thetork.com/wp-content/uploads/2025/02/2-2.png]
[bitrader.thetork.com/wp-content/uploads/2025/02/1-1.png]
[bitrader.thetork.com/wp-content/uploads/2025/02/1-2.png]
[bitrader.thetork.com/wp-content/uploads/2025/02/2-1.png]
[bitrader.thetork.com/wp-content/uploads/2023/10/features_icon01.png]
[bitrader.thetork.com/wp-content/uploads/2023/10/features_icon02.png]
[bitrader.thetork.com/wp-content/uploads/2023/10/features_icon03.png]
[bitrader.thetork.com/wp-content/uploads/2023/10/features_icon04.png]
[bitrader.thetork.com/wp-content/uploads/2023/10/about_img_light-2.png]
[bitrader.thetork.com/wp-content/uploads/2023/10/about_author.png]
[bitrader.thetork.com/wp-content/uploads/2023/10/banner3-2.png]
[bitrader.thetork.com/wp-content/uploads/2023/10/about_img_light02-2.png]
[bitrader.thetork.com/wp-content/uploads/2023/10/pricing_wave-2.png]
[bitrader.thetork.com/wp-content/uploads/2023/10/faq_wave-2.png]
[bitrader.thetork.com/wp-content/uploads/2023/10/faq_img002-2.png]
[bitrader.thetork.com/home-three/index.html]
[bitrader.thetork.com/wp-content/uploads/elementor/css/post-12673c04.css]
[bitrader.thetork.com/wp-json/wp/v2/pages/1267.json]
[bitrader.thetork.com/wp-json/oembed/1.0/embed8913.json]
[bitrader.thetork.com/wp-json/oembed/1.0/embed5381]
[bitrader.thetork.com/wp-content/uploads/2024/04/1-3.png]
[bitrader.thetork.com/wp-content/uploads/2025/02/4.png]
[bitrader.thetork.com/wp-content/uploads/2025/02/2.png]
[bitrader.thetork.com/wp-content/uploads/2024/04/1-1-2.png]
[bitrader.thetork.com/wp-content/uploads/2024/04/2-1-2.png]
[bitrader.thetork.com/wp-content/uploads/2024/04/3-2.png]
[bitrader.thetork.com/wp-content/uploads/2024/04/4-2.png]
[bitrader.thetork.com/wp-content/uploads/2023/10/about_author-2.png]
[bitrader.thetork.com/home-four/index.html]
[bitrader.thetork.com/wp-content/uploads/elementor/css/post-1461c222.css]
[bitrader.thetork.com/wp-content/uploads/elementor/css/post-1867c222.css]
[bitrader.thetork.com/wp-json/wp/v2/pages/1461.json]
[bitrader.thetork.com/wp-json/oembed/1.0/embedf02b.json]
[bitrader.thetork.com/wp-json/oembed/1.0/embed8a1b]
[bitrader.thetork.com/wp-content/uploads/2024/05/logo-2-1.png]
[bitrader.thetork.com/wp-content/uploads/2025/02/1-4.png]
[bitrader.thetork.com/wp-content/uploads/2025/02/3-2.png]
[bitrader.thetork.com/wp-content/uploads/2025/02/2-4.png]
[bitrader.thetork.com/wp-content/uploads/2025/02/1-3.png]
[bitrader.thetork.com/wp-content/uploads/2025/02/2-3.png]
[bitrader.thetork.com/wp-content/uploads/2025/02/4-1.png]
[bitrader.thetork.com/wp-content/uploads/2025/02/3-1.png]
[bitrader.thetork.com/wp-content/uploads/2024/05/1-1-2.png]
[bitrader.thetork.com/wp-content/uploads/2024/05/6-3.png]
[bitrader.thetork.com/wp-content/uploads/2024/05/5-3.png]
[bitrader.thetork.com/wp-content/uploads/2024/05/4-1-2.png]
[bitrader.thetork.com/wp-content/uploads/2024/05/3-1-2.png]
[bitrader.thetork.com/wp-content/uploads/2024/05/2-2-2.png]
[bitrader.thetork.com/wp-content/uploads/2024/05/check-2.png]
[bitrader.thetork.com/wp-content/uploads/2024/05/1-2-2.png]
[bitrader.thetork.com/wp-content/uploads/2024/05/2-3-2.png]
[bitrader.thetork.com/wp-content/uploads/2024/05/3-2-2.png]
[bitrader.thetork.com/wp-content/uploads/2024/05/4-2-2.png]
[bitrader.thetork.com/wp-content/uploads/2024/05/5-1-2.png]
[bitrader.thetork.com/wp-content/uploads/2024/05/6-1-2.png]
[bitrader.thetork.com/wp-content/uploads/2024/05/bg-2.png]
[bitrader.thetork.com/wp-content/uploads/2024/05/check1-2.svg]
[bitrader.thetork.com/wp-content/uploads/2024/05/3-3-2.png]
[bitrader.thetork.com/wp-content/uploads/2024/05/1-3-2.png]
[bitrader.thetork.com/wp-content/uploads/2024/05/4-3-2.png]
[bitrader.thetork.com/wp-content/uploads/2023/10/blog_bg-2.png]
[bitrader.thetork.com/wp-content/uploads/2024/05/Logo-2-dark-2.png]
[bitrader.thetork.com/wp-content/uploads/2024/05/222-2.png]
[bitrader.thetork.com/wp-content/uploads/2024/05/2222-2.png]
[bitrader.thetork.com/wp-content/uploads/2023/10/banner_shape02-1.png]
[bitrader.thetork.com/wp-content/plugins/elementor/assets/css/widget-social-icons.min87cc.css]
[bitrader.thetork.com/home-five/index.html]
[bitrader.thetork.com/wp-content/plugins/elementor/assets/css/conditionals/apple-webkit.min87cc.css]
[bitrader.thetork.com/our-services/index.html]
[bitrader.thetork.com/wp-content/uploads/elementor/css/post-7621ff4.css]
[bitrader.thetork.com/services/strategy-consulting/index.html]
[bitrader.thetork.com/about-us/index.html]
[bitrader.thetork.com/wp-json/wp/v2/pages/762.json]
[bitrader.thetork.com/wp-json/oembed/1.0/embed258e.json]
[bitrader.thetork.com/wp-json/oembed/1.0/embedf7d2]
[bitrader.thetork.com/wp-content/uploads/2024/06/breadcrumb_bg-1.png]
[bitrader.thetork.com/wp-content/themes/bitrader/assets/img/bg/breadcrumb_shape.png]
[bitrader.thetork.com/our-team/index.html]
[bitrader.thetork.com/teams/paul-snyder/index.html]
[bitrader.thetork.com/teams/douglas-workman/index.html]
[bitrader.thetork.com/teams/harry-t-ramos/index.html]
[bitrader.thetork.com/teams/thomas-anderson/index.html]
[bitrader.thetork.com/wp-content/uploads/elementor/css/post-75659e1.css]
[bitrader.thetork.com/wp-json/oembed/1.0/embed7606.json]
[bitrader.thetork.com/our-pricing/index.html]
[bitrader.thetork.com/wp-json/oembed/1.0/embede8a9]
[bitrader.thetork.com/wp-includes/css/dist/block-library/style.mind1c0.css]
[bitrader.thetork.com/blog/page/2/index.html]
[bitrader.thetork.com/essential-for-small-business/index.html]
[bitrader.thetork.com/wp-content/uploads/2023/10/blog_post03-2.jpg]
[bitrader.thetork.com/wp-content/uploads/2023/10/blog_post06-2.jpg]
[bitrader.thetork.com/author/admin/index.html]
[bitrader.thetork.com/wp-content/uploads/2023/10/blog_post04-2.jpg]
[bitrader.thetork.com/blog/index.html]
[bitrader.thetork.com/conditions-to-claim-deduction/index.html]
[bitrader.thetork.com/category/ipo-stocks/index.html]
[bitrader.thetork.com/extra-source-of-income/index.html]
[bitrader.thetork.com/category/value-stocks/index.html]
[bitrader.thetork.com/wp-json/wp/v2/posts/63.json]
[bitrader.thetork.com/tag/business/index.html]
[bitrader.thetork.com/tag/daytrading/index.html]
[bitrader.thetork.com/tag/forextrader/index.html]
[bitrader.thetork.com/tag/investor/index.html]
[bitrader.thetork.com/options-trading-business/feed/index.html]
[bitrader.thetork.com/wp-json/oembed/1.0/embed0315.json]
[bitrader.thetork.com/tag/stock/index.html]
[bitrader.thetork.com/tag/trading/index.html]
[bitrader.thetork.com/wp-json/oembed/1.0/embedbc9d]
[bitrader.thetork.com/wp-content/uploads/2023/10/details01-2.png]
[bitrader.thetork.com/wp-content/uploads/2023/10/details02-2.png]
[secure.gravatar.com/avatar/1aedb8d9dc4751e229a335e371db8058326e.jpg]
[secure.gravatar.com/avatar/1ed988a80dd2893b0bb3d6e5928bbdd2326e.jpg]
[bitrader.thetork.com/options-trading-business/index.html]
[bitrader.thetork.com/wp-includes/js/comment-reply.mind1c0.js]
[bitrader.thetork.com/wp-content/uploads/elementor/css/post-76807b7.css]
[bitrader.thetork.com/wp-json/wp/v2/pages/768.json]
[bitrader.thetork.com/wp-json/oembed/1.0/embed7cb8.json]
[bitrader.thetork.com/wp-content/uploads/2023/10/phone.png]
[bitrader.thetork.com/wp-content/uploads/2023/10/envelope.png]
[bitrader.thetork.com/wp-content/uploads/2023/10/marker.png]
[bitrader.thetork.com/wp-content/uploads/2023/10/pricing_wave.png]
[bitrader.thetork.com/contact-us/index.html]
[gmpg.org/xfn/11.html]
[bitrader.thetork.com/wp-content/plugins/header-footer-elementor/inc/widgets-css/frontend950a.css]
[bitrader.thetork.com/wp-content/plugins/contact-form-7/includes/css/styles52c7.css]
[bitrader.thetork.com/wp-content/plugins/header-footer-elementor/assets/css/header-footer-elementor950a.css]
[bitrader.thetork.com/wp-content/plugins/elementor/assets/css/frontend.min87cc.css]
[bitrader.thetork.com/wp-content/uploads/elementor/css/post-7d50b.css]
[bitrader.thetork.com/wp-content/plugins/elementor/assets/css/widget-heading.min87cc.css]
[bitrader.thetork.com/wp-content/plugins/elementor/assets/css/widget-image.min87cc.css]
[bitrader.thetork.com/wp-content/uploads/elementor/css/post-678c47.css]
[bitrader.thetork.com/wp-content/uploads/elementor/css/post-3678c47.css]
[bitrader.thetork.com/wp-content/themes/bitrader/assets/css/bitrader-customd1c0.css]
[bitrader.thetork.com/wp-content/themes/bitrader/assets/css/bitrader-fontsd1c0.css]
[bitrader.thetork.com/wp-content/themes/bitrader/assets/css/bootstrap.mind1c0.css]
[bitrader.thetork.com/wp-content/plugins/elementor/assets/lib/font-awesome/fonts/fontawesome-webfontd41d.eot]
[bitrader.thetork.com/wp-content/plugins/elementor/assets/lib/font-awesome/fonts/fontawesome-webfont3e6e.woff2]
[bitrader.thetork.com/wp-content/plugins/elementor/assets/lib/font-awesome/fonts/fontawesome-webfont3e6e.woff]
[bitrader.thetork.com/wp-content/plugins/elementor/assets/lib/font-awesome/fonts/fontawesome-webfont3e6e.ttf]
[bitrader.thetork.com/wp-content/plugins/elementor/assets/lib/font-awesome/css/font-awesome.min1849.css]
[bitrader.thetork.com/wp-content/plugins/elementor/assets/lib/swiper/v8/css/swiper.min94a4.css]
[bitrader.thetork.com/wp-content/themes/bitrader/assets/css/aosd1c0.css]
[bitrader.thetork.com/wp-content/plugins/elementor/assets/lib/font-awesome/fonts/fontawesome-webfont3e6e.svg]
[bitrader.thetork.com/wp-content/themes/bitrader/assets/images/banner/home5/bg.svg]
[bitrader.thetork.com/wp-content/themes/bitrader/assets/css/bitrader-cored1c0.css]
[bitrader.thetork.com/wp-content/themes/bitrader/styled1c0.css]
[bitrader.thetork.com/wp-content/plugins/elementor/assets/lib/eicons/fonts/eiconsfcca.eot]
[bitrader.thetork.com/wp-content/plugins/elementor/assets/lib/eicons/fonts/eiconsfcca.woff2]
[bitrader.thetork.com/wp-content/plugins/elementor/assets/lib/eicons/fonts/eiconsfcca.woff]
[bitrader.thetork.com/wp-content/plugins/elementor/assets/lib/eicons/fonts/eiconsfcca.ttf]
[bitrader.thetork.com/wp-content/plugins/elementor/assets/lib/eicons/css/elementor-icons.min705c.css]
[bitrader.thetork.com/wp-content/plugins/elementor/assets/css/widget-icon-list.min44b4.css]
[bitrader.thetork.com/wp-content/plugins/elementor/assets/css/widget-social-icons.min2401.css]
[bitrader.thetork.com/wp-content/plugins/elementor/assets/lib/eicons/fonts/eiconsfcca.svg]
[bitrader.thetork.com/wp-content/plugins/elementor/assets/lib/font-awesome/webfonts/fa-brands-400.eot]
[bitrader.thetork.com/wp-content/plugins/elementor/assets/lib/font-awesome/webfonts/fa-brands-400d41d.eot]
[bitrader.thetork.com/wp-content/plugins/elementor/assets/lib/font-awesome/webfonts/fa-brands-400.woff2]
[bitrader.thetork.com/wp-content/plugins/elementor/assets/lib/font-awesome/webfonts/fa-brands-400.woff]
[bitrader.thetork.com/wp-content/plugins/elementor/assets/lib/font-awesome/webfonts/fa-brands-400.ttf]
[bitrader.thetork.com/wp-content/plugins/elementor/assets/lib/font-awesome/css/brands52d5.css]
[bitrader.thetork.com/wp-content/plugins/elementor/assets/lib/font-awesome/css/fontawesome52d5.css]
[bitrader.thetork.com/wp-content/plugins/elementor/assets/lib/font-awesome/webfonts/fa-solid-900.eot]
[bitrader.thetork.com/wp-content/plugins/elementor/assets/lib/font-awesome/webfonts/fa-brands-400.svg]
[bitrader.thetork.com/wp-content/plugins/elementor/assets/lib/font-awesome/webfonts/fa-solid-900.woff2]
[bitrader.thetork.com/wp-content/plugins/elementor/assets/lib/font-awesome/webfonts/fa-solid-900d41d.eot]
[bitrader.thetork.com/wp-content/plugins/elementor/assets/lib/font-awesome/webfonts/fa-solid-900.woff]
[bitrader.thetork.com/wp-content/plugins/elementor/assets/lib/font-awesome/webfonts/fa-solid-900.ttf]
[bitrader.thetork.com/wp-content/plugins/elementor/assets/lib/font-awesome/css/solid52d5.css]
[bitrader.thetork.com/wp-content/plugins/essential-addons-for-elementor-lite/assets/front-end/css/view/general.minb7d5.css]
[bitrader.thetork.com/wp-content/uploads/elementor/google-fonts/fonts/roboto-kfo5cnqeu92fr1mu53zec9_vu3r1gihoszmkc3kawzu.woff2]
[bitrader.thetork.com/wp-content/uploads/elementor/google-fonts/fonts/roboto-kfo5cnqeu92fr1mu53zec9_vu3r1gihoszmkankawzu.woff2]
[bitrader.thetork.com/wp-content/uploads/elementor/google-fonts/fonts/roboto-kfo5cnqeu92fr1mu53zec9_vu3r1gihoszmkcnkawzu.woff2]
[bitrader.thetork.com/wp-content/uploads/elementor/google-fonts/fonts/roboto-kfo5cnqeu92fr1mu53zec9_vu3r1gihoszmkbxkawzu.woff2]
[bitrader.thetork.com/wp-content/plugins/elementor/assets/lib/font-awesome/webfonts/fa-solid-900.svg]
[bitrader.thetork.com/wp-content/uploads/elementor/google-fonts/fonts/roboto-kfo5cnqeu92fr1mu53zec9_vu3r1gihoszmkenkawzu.woff2]
[bitrader.thetork.com/wp-content/uploads/elementor/google-fonts/fonts/roboto-kfo5cnqeu92fr1mu53zec9_vu3r1gihoszmkahkawzu.woff2]
[bitrader.thetork.com/wp-content/uploads/elementor/google-fonts/fonts/roboto-kfo5cnqeu92fr1mu53zec9_vu3r1gihoszmkcxkawzu.woff2]
[bitrader.thetork.com/wp-content/uploads/elementor/google-fonts/fonts/roboto-kfo5cnqeu92fr1mu53zec9_vu3r1gihoszmkchkawzu.woff2]
[bitrader.thetork.com/wp-content/uploads/elementor/google-fonts/fonts/roboto-kfo5cnqeu92fr1mu53zec9_vu3r1gihoszmkbnka.woff2]
[bitrader.thetork.com/wp-content/uploads/elementor/google-fonts/fonts/roboto-kfo7cnqeu92fr1me7ksn66agldtyluama3gubgee.woff2]
[bitrader.thetork.com/wp-content/uploads/elementor/google-fonts/fonts/roboto-kfo7cnqeu92fr1me7ksn66agldtyluama3iubgee.woff2]
[bitrader.thetork.com/wp-content/uploads/elementor/google-fonts/fonts/roboto-kfo7cnqeu92fr1me7ksn66agldtyluama3cubgee.woff2]
[bitrader.thetork.com/wp-content/uploads/elementor/google-fonts/fonts/roboto-kfo7cnqeu92fr1me7ksn66agldtyluama3-ubgee.woff2]
[bitrader.thetork.com/wp-content/uploads/elementor/google-fonts/fonts/roboto-kfo7cnqeu92fr1me7ksn66agldtyluamawcubgee.woff2]
[bitrader.thetork.com/wp-content/uploads/elementor/google-fonts/fonts/roboto-kfo7cnqeu92fr1me7ksn66agldtyluamaxkubgee.woff2]
[bitrader.thetork.com/wp-content/uploads/elementor/google-fonts/fonts/roboto-kfo7cnqeu92fr1me7ksn66agldtyluama3kubgee.woff2]
[bitrader.thetork.com/wp-content/uploads/elementor/google-fonts/css/roboto258f.css]
[bitrader.thetork.com/wp-content/uploads/elementor/google-fonts/fonts/robotoslab-bngmuxzytxpivibgjjsb6ufa5qw54a.woff2]
[bitrader.thetork.com/wp-content/uploads/elementor/google-fonts/fonts/robotoslab-bngmuxzytxpivibgjjsb6ufj5qw54a.woff2]
[bitrader.thetork.com/wp-content/uploads/elementor/google-fonts/fonts/robotoslab-bngmuxzytxpivibgjjsb6ufb5qw54a.woff2]
[bitrader.thetork.com/wp-content/uploads/elementor/google-fonts/fonts/robotoslab-bngmuxzytxpivibgjjsb6ufo5qw54a.woff2]
[bitrader.thetork.com/wp-content/uploads/elementor/google-fonts/fonts/robotoslab-bngmuxzytxpivibgjjsb6ufc5qw54a.woff2]
[bitrader.thetork.com/wp-content/uploads/elementor/google-fonts/fonts/robotoslab-bngmuxzytxpivibgjjsb6ufd5qw54a.woff2]
[bitrader.thetork.com/wp-content/uploads/elementor/google-fonts/fonts/robotoslab-bngmuxzytxpivibgjjsb6ufn5qu.woff2]
[bitrader.thetork.com/wp-content/uploads/elementor/google-fonts/css/robotoslab1877.css]
[bitrader.thetork.com/wp-content/uploads/elementor/google-fonts/fonts/anektelugu-lhw2mvrunvsddmtygcx4fcvwojlwe1wgxdoj-5xtinvyehy.woff2]
[bitrader.thetork.com/wp-content/uploads/elementor/google-fonts/fonts/anektelugu-lhw2mvrunvsddmtygcx4fcvwojlwe1wgxdoj-5xtmhvyehy.woff2]
[bitrader.thetork.com/wp-content/uploads/elementor/google-fonts/fonts/anektelugu-lhw2mvrunvsddmtygcx4fcvwojlwe1wgxdoj-5xtpnvy.woff2]
[bitrader.thetork.com/wp-content/uploads/elementor/google-fonts/css/anektelugu13c1.css]
[bitrader.thetork.com/wp-content/uploads/elementor/google-fonts/fonts/opensans-memtyags126mizpba-ufuicvxscekx2cmqvxlwqwte6f15m.woff2]
[bitrader.thetork.com/wp-content/uploads/elementor/google-fonts/fonts/opensans-memtyags126mizpba-ufuicvxscekx2cmqvxlwqwvu6f15m.woff2]
[bitrader.thetork.com/wp-content/uploads/elementor/google-fonts/fonts/opensans-memtyags126mizpba-ufuicvxscekx2cmqvxlwqwtu6f15m.woff2]
[bitrader.thetork.com/wp-content/uploads/elementor/google-fonts/fonts/opensans-memtyags126mizpba-ufuicvxscekx2cmqvxlwqwuk6f15m.woff2]
[bitrader.thetork.com/wp-content/uploads/elementor/google-fonts/fonts/opensans-memtyags126mizpba-ufuicvxscekx2cmqvxlwqwu06f15m.woff2]
[bitrader.thetork.com/wp-content/uploads/elementor/google-fonts/fonts/opensans-memtyags126mizpba-ufuicvxscekx2cmqvxlwqwxu6f15m.woff2]
[bitrader.thetork.com/wp-content/uploads/elementor/google-fonts/fonts/opensans-memtyags126mizpba-ufuicvxscekx2cmqvxlwqw106f15m.woff2]
[bitrader.thetork.com/wp-content/uploads/elementor/google-fonts/fonts/opensans-memtyags126mizpba-ufuicvxscekx2cmqvxlwqwtk6f15m.woff2]
[bitrader.thetork.com/wp-content/uploads/elementor/google-fonts/fonts/opensans-memtyags126mizpba-ufuicvxscekx2cmqvxlwqwt06f15m.woff2]
[bitrader.thetork.com/wp-content/uploads/elementor/google-fonts/fonts/opensans-memtyags126mizpba-ufuicvxscekx2cmqvxlwqwuu6f.woff2]
[bitrader.thetork.com/wp-content/uploads/elementor/google-fonts/fonts/opensans-memvyags126mizpba-uvwbx2vvnxbbobj2ovtskmu1ab.woff2]
[bitrader.thetork.com/wp-content/uploads/elementor/google-fonts/fonts/opensans-memvyags126mizpba-uvwbx2vvnxbbobj2ovtsumu1ab.woff2]
[bitrader.thetork.com/wp-content/uploads/elementor/google-fonts/fonts/opensans-memvyags126mizpba-uvwbx2vvnxbbobj2ovtsomu1ab.woff2]
[bitrader.thetork.com/wp-content/uploads/elementor/google-fonts/fonts/opensans-memvyags126mizpba-uvwbx2vvnxbbobj2ovtsymu1ab.woff2]
[bitrader.thetork.com/wp-content/uploads/elementor/google-fonts/fonts/opensans-memvyags126mizpba-uvwbx2vvnxbbobj2ovts2mu1ab.woff2]
[bitrader.thetork.com/wp-content/uploads/elementor/google-fonts/fonts/opensans-memvyags126mizpba-uvwbx2vvnxbbobj2ovtvomu1ab.woff2]
[bitrader.thetork.com/wp-content/uploads/elementor/google-fonts/fonts/opensans-memvyags126mizpba-uvwbx2vvnxbbobj2ovtugmu1ab.woff2]
[bitrader.thetork.com/wp-content/uploads/elementor/google-fonts/fonts/opensans-memvyags126mizpba-uvwbx2vvnxbbobj2ovtscmu1ab.woff2]
[bitrader.thetork.com/wp-content/uploads/elementor/google-fonts/fonts/opensans-memvyags126mizpba-uvwbx2vvnxbbobj2ovtsgmu1ab.woff2]
[bitrader.thetork.com/wp-content/uploads/elementor/google-fonts/fonts/opensans-memvyags126mizpba-uvwbx2vvnxbbobj2ovts-muw.woff2]
[bitrader.thetork.com/wp-content/uploads/elementor/google-fonts/css/opensans13c1.css]
[bitrader.thetork.com/wp-content/themes/bitrader/assets/img/icons/moon.svg]
[bitrader.thetork.com/wp-content/themes/bitrader/assets/img/icons/sun.svg]
[bitrader.thetork.com/wp-json/oembed/1.0/embede78d]
[bitrader.thetork.com/wp-content/uploads/elementor/css/post-180135f.css]
[bitrader.thetork.com/wp-json/oembed/1.0/embed6fcd.json]
[bitrader.thetork.com/services/financial-advisory/index.html]
[bitrader.thetork.com/wp-json/oembed/1.0/embed0635]
[bitrader.thetork.com/services/index.html]
[bitrader.thetork.com/wp-content/uploads/elementor/css/post-17831d3.css]
[bitrader.thetork.com/services/management/index.html]
[bitrader.thetork.com/wp-json/oembed/1.0/embed1b3e.json]
[bitrader.thetork.com/services/supply-optimization/index.html]
[bitrader.thetork.com/wp-json/oembed/1.0/embed94d7]
[bitrader.thetork.com/wp-content/uploads/elementor/css/post-177cee7.css]
[bitrader.thetork.com/wp-json/oembed/1.0/embed4738.json]
[bitrader.thetork.com/services/hr-consulting/index.html]
[bitrader.thetork.com/wp-json/oembed/1.0/embed70ef]
[bitrader.thetork.com/wp-content/uploads/elementor/css/post-1243ba9.css]
[bitrader.thetork.com/wp-json/oembed/1.0/embedb2dc.json]
[bitrader.thetork.com/services/marketing-consulting/index.html]
[bitrader.thetork.com/wp-content/uploads/2023/10/check.svg]
[bitrader.thetork.com/wp-json/oembed/1.0/embeda832]
[bitrader.thetork.com/wp-content/uploads/elementor/css/post-202399b6.css]
[bitrader.thetork.com/wp-json/oembed/1.0/embed9637.json]
[bitrader.thetork.com/teams/albert-flores/index.html]
[bitrader.thetork.com/wp-json/oembed/1.0/embed24f5]
[bitrader.thetork.com/wp-content/uploads/elementor/css/post-20270bac.css]
[bitrader.thetork.com/teams/index.html]
[bitrader.thetork.com/wp-json/oembed/1.0/embed331e.json]
[bitrader.thetork.com/teams/courtney-henry/index.html]
[bitrader.thetork.com/wp-json/oembed/1.0/embed365a]
[bitrader.thetork.com/wp-content/uploads/elementor/css/post-2026ba0a.css]
[bitrader.thetork.com/wp-json/oembed/1.0/embeda255.json]
[bitrader.thetork.com/teams/theresa-webb/index.html]
[bitrader.thetork.com/wp-json/oembed/1.0/embed9c37]
[bitrader.thetork.com/wp-content/uploads/elementor/css/post-2028ba0a.css]
[bitrader.thetork.com/wp-json/oembed/1.0/embed0d60.json]
[bitrader.thetork.com/teams/darrell-steward/index.html]
[bitrader.thetork.com/wp-json/oembed/1.0/embed74ae]
[bitrader.thetork.com/wp-content/uploads/elementor/css/post-2029ba0a.css]
[bitrader.thetork.com/wp-json/oembed/1.0/embede3cf.json]
[bitrader.thetork.com/teams/wade-warren/index.html]
[bitrader.thetork.com/wp-json/oembed/1.0/embed10f7]
[bitrader.thetork.com/wp-content/uploads/elementor/css/post-2030fb5d.css]
[bitrader.thetork.com/wp-json/oembed/1.0/embed7599.json]
[bitrader.thetork.com/teams/cody-fisher/index.html]
[bitrader.thetork.com/wp-json/oembed/1.0/embed4ff8]
[bitrader.thetork.com/wp-content/uploads/elementor/css/post-2031fb5d.css]
[bitrader.thetork.com/wp-json/oembed/1.0/embed922c.json]
[bitrader.thetork.com/teams/bessie-cooper/index.html]
[bitrader.thetork.com/wp-json/oembed/1.0/embed2cc0]
[bitrader.thetork.com/category/dividend-stocks/feed/index.html]
[bitrader.thetork.com/category/dividend-stocks/index.html]
[bitrader.thetork.com/wp-json/wp/v2/categories/2.json]
[bitrader.thetork.com/online-trading-for-beginners/feed/index.html]
[bitrader.thetork.com/wp-json/wp/v2/posts/65.json]
[bitrader.thetork.com/wp-json/oembed/1.0/embed0cb9.json]
[bitrader.thetork.com/wp-json/oembed/1.0/embed2083]
[secure.gravatar.com/avatar/d404ea14d99351798ea540db5741562e326e.jpg]
[bitrader.thetork.com/online-trading-for-beginners/index.html]
[bitrader.thetork.com/category/non-dividend-stocks/index.html]
[bitrader.thetork.com/category/non-dividend-stocks/feed/index.html]
[bitrader.thetork.com/wp-json/wp/v2/categories/4.json]
[bitrader.thetork.com/advantages-of-day-trading/feed/index.html]
[bitrader.thetork.com/wp-json/oembed/1.0/embedcf71.json]
[bitrader.thetork.com/wp-json/oembed/1.0/embed7a1d]
[secure.gravatar.com/avatar/8450d402896496ea5308a1f7bd648fca326e.jpg]
[bitrader.thetork.com/advantages-of-day-trading/index.html]
[bitrader.thetork.com/wp-content/plugins/elementor/assets/css/widget-icon-list.min87cc.css]
[bitrader.thetork.com/wp-content/uploads/elementor/css/post-510c118.css]
[bitrader.thetork.com/wp-content/uploads/elementor/css/post-598c118.css]
[bitrader.thetork.com/index912b.html]
[bitrader.thetork.com/wp-content/plugins/elementor/assets/css/widget-icon-box.min87cc.css]
[bitrader.thetork.com/wp-content/themes/bitrader/assets/js/aosd1c0.js]
[bitrader.thetork.com/wp-content/themes/bitrader/assets/js/fslightboxd1c0.js]
[bitrader.thetork.com/wp-content/uploads/2023/10/features_bg-2.png]
[bitrader.thetork.com/wp-content/uploads/2023/10/pricing_bg-2.png]
[bitrader.thetork.com/wp-content/uploads/elementor/css/post-64612e1.css]
[bitrader.thetork.com/wp-content/uploads/elementor/css/post-12673c04.css]
[bitrader.thetork.com/index3b28.html]
[bitrader.thetork.com/wp-content/uploads/elementor/css/post-1461c222.css]
[bitrader.thetork.com/wp-content/uploads/elementor/css/post-1867c222.css]
[bitrader.thetork.com/wp-content/uploads/2024/05/check1-2.svg]
[bitrader.thetork.com/wp-content/plugins/elementor/assets/css/widget-social-icons.min87cc.css]
[bitrader.thetork.com/wp-content/plugins/elementor/assets/css/conditionals/apple-webkit.min87cc.css]
[bitrader.thetork.com/wp-content/uploads/elementor/css/post-732c31e.css]
[bitrader.thetork.com/wp-json/wp/v2/pages/732.json]
[bitrader.thetork.com/wp-json/oembed/1.0/embed6360.json]
[bitrader.thetork.com/our-services/index.html]
[bitrader.thetork.com/wp-json/oembed/1.0/embed9079]
[bitrader.thetork.com/wp-content/uploads/elementor/css/post-1813640.css]
[bitrader.thetork.com/wp-json/oembed/1.0/embed6cef.json]
[bitrader.thetork.com/wp-json/oembed/1.0/embed0412]
[bitrader.thetork.com/wp-content/uploads/2023/10/blog_post02-2.jpg]
[bitrader.thetork.com/services/strategy-consulting/index.html]
[bitrader.thetork.com/wp-content/uploads/elementor/css/post-74087b3.css]
[bitrader.thetork.com/wp-json/wp/v2/pages/740.json]
[bitrader.thetork.com/wp-json/oembed/1.0/embed4ef5.json]
[bitrader.thetork.com/wp-json/oembed/1.0/embed884f]
[bitrader.thetork.com/wp-content/uploads/2023/10/about_video.png]
[bitrader.thetork.com/about-us/index.html]
[bitrader.thetork.com/wp-content/uploads/elementor/css/post-7621ff4.css]
[bitrader.thetork.com/index272e.html]
[bitrader.thetork.com/wp-content/uploads/elementor/css/post-20358802.css]
[bitrader.thetork.com/wp-json/oembed/1.0/embed5c7d.json]
[bitrader.thetork.com/teams/douglas-workman/index.html]
[bitrader.thetork.com/wp-json/oembed/1.0/embed2cd8]
[bitrader.thetork.com/wp-content/uploads/elementor/css/post-2034fb5d.css]
[bitrader.thetork.com/wp-json/oembed/1.0/embedd2de.json]
[bitrader.thetork.com/teams/thomas-anderson/index.html]
[bitrader.thetork.com/wp-json/oembed/1.0/embed8b7d]
[bitrader.thetork.com/wp-content/uploads/elementor/css/post-2033fb5d.css]
[bitrader.thetork.com/wp-json/oembed/1.0/embed5973.json]
[bitrader.thetork.com/teams/paul-snyder/index.html]
[bitrader.thetork.com/wp-json/oembed/1.0/embed608b]
[bitrader.thetork.com/wp-content/uploads/elementor/css/post-2032fb5d.css]
[bitrader.thetork.com/wp-json/oembed/1.0/embedcd72.json]
[bitrader.thetork.com/teams/harry-t-ramos/index.html]
[bitrader.thetork.com/wp-content/uploads/elementor/css/post-75659e1.css]
[bitrader.thetork.com/wp-json/oembed/1.0/embed4e43]
[bitrader.thetork.com/blog/page/2/index.html]
[bitrader.thetork.com/wp-json/wp/v2/pages/756]
[bitrader.thetork.com/wp-includes/css/dist/block-library/style.mind1c0.css]
[bitrader.thetork.com/teams/dianne-russell/index.html]
[bitrader.thetork.com/control-trades-and-portfolio/index.html]
[bitrader.thetork.com/author/admin/index.html]
[bitrader.thetork.com/author/admin/feed/index.html]
[bitrader.thetork.com/wp-json/wp/v2/users/1.json]
[bitrader.thetork.com/author/admin/page/2/index.html]
[bitrader.thetork.com/wp-json/oembed/1.0/embed466c.json]
[bitrader.thetork.com/essential-for-small-business/feed/index.html]
[bitrader.thetork.com/essential-for-small-business/index.html]
[bitrader.thetork.com/wp-json/oembed/1.0/embed3984]
[bitrader.thetork.com/wp-json/wp/v2/posts/57.json]
[bitrader.thetork.com/conditions-to-claim-deduction/feed/index.html]
[bitrader.thetork.com/wp-json/oembed/1.0/embed47bc.json]
[bitrader.thetork.com/conditions-to-claim-deduction/index.html]
[bitrader.thetork.com/wp-json/oembed/1.0/embed5ea9]
[bitrader.thetork.com/category/ipo-stocks/index.html]
[bitrader.thetork.com/wp-json/wp/v2/categories/3.json]
[bitrader.thetork.com/category/ipo-stocks/feed/index.html]
[bitrader.thetork.com/wp-json/wp/v2/posts/55.json]
[bitrader.thetork.com/extra-source-of-income/feed/index.html]
[bitrader.thetork.com/wp-json/oembed/1.0/embed32b0.json]
[bitrader.thetork.com/wp-json/oembed/1.0/embed5620]
[secure.gravatar.com/avatar/6e994ac1eeadc987e6e1269d44e9a4e6326e.jpg]
[bitrader.thetork.com/extra-source-of-income/index.html]
[bitrader.thetork.com/category/value-stocks/index.html]
[bitrader.thetork.com/category/value-stocks/feed/index.html]
[bitrader.thetork.com/tag/business/index.html]
[bitrader.thetork.com/wp-json/wp/v2/categories/5.json]
[bitrader.thetork.com/tag/daytrading/feed/index.html]
[bitrader.thetork.com/tag/business/feed/index.html]
[bitrader.thetork.com/tag/daytrading/index.html]
[bitrader.thetork.com/wp-json/wp/v2/tags/7.json]
[bitrader.thetork.com/tag/forextrader/feed/index.html]
[bitrader.thetork.com/tag/forextrader/index.html]
[bitrader.thetork.com/wp-json/wp/v2/tags/8.json]
[bitrader.thetork.com/tag/investor/index.html]
[bitrader.thetork.com/tag/investor/feed/index.html]
[bitrader.thetork.com/wp-json/wp/v2/tags/9.json]
[bitrader.thetork.com/tag/stock/index.html]
[bitrader.thetork.com/tag/stock/feed/index.html]
[bitrader.thetork.com/tag/trading/feed/index.html]
[bitrader.thetork.com/tag/trading/index.html]
[bitrader.thetork.com/index2cce.html]
[bitrader.thetork.com/wp-content/uploads/elementor/css/post-76807b7.css]
[bitrader.thetork.com/indexb916.html]
[gmpg.org/xfn/default.css]
[bitrader.thetork.com/wp-json/wp/v2/tags/11.json]
[bitrader.thetork.com/wp-json/oembed/1.0/embed9b05]
[gmpg.org/xfn/.html]
[gmpg.org/xfn/pix/intro/five-met.gif]
[gmpg.org/xfn/pix/intro/five-acqfr.gif]
[gmpg.org/xfn/pix/intro/five-prof.gif]
[gmpg.org/xfn/pix/intro/five-lovefam.gif]
[gmpg.org/xfn/intro.html]
[gmpg.org/xfn/faq.html]
[gmpg.org/xfn/thanks.html]
[bitrader.thetork.com/wp-content/plugins/elementor/assets/lib/font-awesome/fonts/fontawesome-webfont3e6e.svg]
[bitrader.thetork.com/wp-content/themes/bitrader/assets/images/banner/home5/bg.html]
[bitrader.thetork.com/wp-content/plugins/elementor/assets/lib/eicons/fonts/eiconsfcca.svg]
[bitrader.thetork.com/wp-content/plugins/elementor/assets/lib/font-awesome/webfonts/fa-brands-400.svg]
[bitrader.thetork.com/wp-content/plugins/elementor/assets/lib/font-awesome/webfonts/fa-solid-900.svg]
[bitrader.thetork.com/wp-content/uploads/elementor/css/post-180135f.css]
[bitrader.thetork.com/index2586.html]
[bitrader.thetork.com/services/index.html]
[bitrader.thetork.com/wp-content/uploads/elementor/google-fonts/fonts/roboto-kfo7cnqeu92fr1me7ksn66agldtyluama3yuba.woff2]
[bitrader.thetork.com/wp-content/uploads/elementor/google-fonts/fonts/roboto-kfo7cnqeu92fr1me7ksn66agldtyluama3oubgee.woff2]
[bitrader.thetork.com/services/feed/index.html]
[bitrader.thetork.com/wp-content/uploads/elementor/css/post-1790934.css]
[bitrader.thetork.com/wp-json/oembed/1.0/embedf8cd.json]
[bitrader.thetork.com/services/management/index.html]
[bitrader.thetork.com/wp-content/uploads/elementor/css/post-17831d3.css]
[bitrader.thetork.com/indexb50d.html]
[bitrader.thetork.com/wp-content/uploads/elementor/css/post-177cee7.css]
[bitrader.thetork.com/indexb7c7.html]
[bitrader.thetork.com/wp-content/uploads/elementor/css/post-1243ba9.css]
[bitrader.thetork.com/indexd4a6.html]
[bitrader.thetork.com/wp-content/uploads/elementor/css/post-202399b6.css]
[bitrader.thetork.com/index96f0.html]
[bitrader.thetork.com/teams/index.html]
[bitrader.thetork.com/wp-content/uploads/elementor/css/post-20270bac.css]
[bitrader.thetork.com/index9a2a.html]
[bitrader.thetork.com/wp-content/uploads/elementor/css/post-2026ba0a.css]
[bitrader.thetork.com/index5b4f.html]
[bitrader.thetork.com/wp-content/uploads/elementor/css/post-2028ba0a.css]
[bitrader.thetork.com/index3ea6.html]
[bitrader.thetork.com/wp-content/uploads/elementor/css/post-2029ba0a.css]
[bitrader.thetork.com/index7b09.html]
[bitrader.thetork.com/wp-content/uploads/elementor/css/post-2030fb5d.css]
[bitrader.thetork.com/indexb776.html]
[bitrader.thetork.com/wp-content/uploads/elementor/css/post-2031fb5d.css]
[bitrader.thetork.com/index1914.html]
[bitrader.thetork.com/index7665.html]
[bitrader.thetork.com/teams/feed/index.html]
[bitrader.thetork.com/wp-json/oembed/1.0/embedb449]
[bitrader.thetork.com/index094d.html]
[bitrader.thetork.com/index8bcd.html]
[bitrader.thetork.com/index2bd5.html]
[bitrader.thetork.com/wp-content/uploads/elementor/css/post-732c31e.css]
[bitrader.thetork.com/indexdc3d.html]
[bitrader.thetork.com/wp-content/uploads/elementor/css/post-1813640.css]
[bitrader.thetork.com/index7c2c.html]
[bitrader.thetork.com/wp-content/uploads/elementor/css/post-74087b3.css]
[bitrader.thetork.com/index8da8.html]
[bitrader.thetork.com/wp-content/uploads/elementor/css/post-20358802.css]
[bitrader.thetork.com/indexf36e.html]
[bitrader.thetork.com/wp-content/uploads/elementor/css/post-2034fb5d.css]
[bitrader.thetork.com/indexf981.html]
[bitrader.thetork.com/wp-content/uploads/elementor/css/post-2033fb5d.css]
[bitrader.thetork.com/index91bb.html]
[bitrader.thetork.com/wp-content/uploads/elementor/css/post-2032fb5d.css]
[bitrader.thetork.com/index7d12.html]
[bitrader.thetork.com/wp-json/wp/v2/posts/61]
[bitrader.thetork.com/teams/page/2/index.html]
[bitrader.thetork.com/wp-content/uploads/elementor/css/post-2025ba0a.css]
[bitrader.thetork.com/wp-json/oembed/1.0/embed6f3a.json]
[bitrader.thetork.com/teams/dianne-russell/index.html]
[bitrader.thetork.com/index79e7.html]
[bitrader.thetork.com/wp-json/oembed/1.0/embed0d37]
[bitrader.thetork.com/wp-json/wp/v2/posts/871.json]
[bitrader.thetork.com/control-trades-and-portfolio/feed/index.html]
[bitrader.thetork.com/wp-json/oembed/1.0/embed319d.json]
[bitrader.thetork.com/control-trades-and-portfolio/index.html]
[bitrader.thetork.com/blog/page/1/index.html]
[bitrader.thetork.com/author/admin/page/2/index.html]
[bitrader.thetork.com/index1098.html]
[bitrader.thetork.com/index9787.html]
[bitrader.thetork.com/index8054.html]
[bitrader.thetork.com/wp-json/oembed/1.0/embedfd56]
[bitrader.thetork.com/wp-json/wp/v2/posts/59]
[bitrader.thetork.com/wp-json/wp/v2/tags/10]
[gmpg.org/xfn/xfn-btn.gif]
[gmpg.org/xfn/join.html]
[gmpg.org/xfn/background.html]
[gmpg.org/xfn/tools.html]
[gmpg.org/xfn/pix/mememememe.png]
[gmpg.org/xfn/and/index.html]
[gmpg.org/xfn/helping.html]
[gmpg.org/xfn/feedback.html]
[gmpg.org/xfn/creator.html]
[gmpg.org/xfn/xfn-mini.gif]
[gmpg.org/xfn/more.html]
[gmpg.org/xfn/press.html]
[gmpg.org/xfn/index.html]
[bitrader.thetork.com/xmlrpc0db0.php]
[bitrader.thetork.com/wp-content/uploads/elementor/css/post-1790934.css]
[bitrader.thetork.com/indexccf8.html]
[bitrader.thetork.com/teams/page/2/index.html]
[bitrader.thetork.com/wp-content/uploads/elementor/css/post-2025ba0a.css]
[bitrader.thetork.com/index8193.html]
[bitrader.thetork.com/indexaaab.html]
[bitrader.thetork.com/author/admin/page/1/index.html]
[bitrader.thetork.com/xmlrpc.php]
[gmpg.org/xfn/creator-fr.html]
[gmpg.org/xfn/creator-it.html]
[gmpg.org/xfn/creator-es.html]
[gmpg.org/xfn/creator-nl.html]
[gmpg.org/xfn/creator-cs.html]
[gmpg.org/xfn/creator-ja.html]
[gmpg.org/xfn/and/foaf.html]
[gmpg.org/xfn/and/index-2.html]
[gmpg.org/xfn/count.css]
[gmpg.org/xfn/1.html]
[bitrader.thetork.com/wp-content/uploads/2023/10/cta_bg-2.png]
[bitrader.thetork.com/wp-content/plugins/elementor/assets/lib/font-awesome/fonts/fontawesome-webfont3e6e.eot]
[bitrader.thetork.com/teams/page/1/index.html]
[bitrader.thetork.com/wp-json/wp/v2/tags/6]
[junk.metafilter.com/xfn.gif]
